Build started 29-8-2015 10:13:41.
     1>Project "C:\Users\Stuart\Documents\Visual Studio 2015\Projects\Interpreter\Interpreter\Interpreter.vcxproj" on node 2 (Build target(s)).
     1>ClCompile:
         C:\Program Files (x86)\Microsoft Visual Studio 14.0\VC\bin\CL.exe /c /ZI /nologo /W3 /WX- /sdl /Od /Oy- /D WIN32 /D _DEBUG /D _CONSOLE /D _UNICODE /D UNICODE /Gm /EHsc /RTC1 /MDd /GS /fp:precise /Zc:wchar_t /Zc:forScope /Zc:inline /Yc"stdafx.h" /Fp"Debug\Interperer.pch" /Fo"Debug\\" /Fd"Debug\vc140.pdb" /Gd /TP /analyze- /errorReport:prompt stdafx.cpp
         stdafx.cpp
         C:\Program Files (x86)\Microsoft Visual Studio 14.0\VC\bin\CL.exe /c /ZI /nologo /W3 /WX- /sdl /Od /Oy- /D WIN32 /D _DEBUG /D _CONSOLE /D _UNICODE /D UNICODE /Gm /EHsc /RTC1 /MDd /GS /fp:precise /Zc:wchar_t /Zc:forScope /Zc:inline /Yu"stdafx.h" /Fp"Debug\Interperer.pch" /Fo"Debug\\" /Fd"Debug\vc140.pdb" /Gd /TP /analyze- /errorReport:prompt Interpreter.cpp Expression.cpp Function.cpp Parser.cpp Statement.cpp TokenStream.cpp Scope.cpp Utils.cpp Value.cpp VariableMap.cpp
         VariableMap.cpp
         Value.cpp
         Utils.cpp
         Scope.cpp
         TokenStream.cpp
         Statement.cpp
         Parser.cpp
         Function.cpp
         Expression.cpp
         Interpreter.cpp
         Generating Code...
       Link:
         C:\Program Files (x86)\Microsoft Visual Studio 14.0\VC\bin\link.exe /ERRORREPORT:PROMPT /OUT:"C:\Users\Stuart\Documents\Visual Studio 2015\Projects\Interpreter\Debug\Interperer.exe" /INCREMENTAL /NOLOGO kernel32.lib user32.lib gdi32.lib winspool.lib comdlg32.lib advapi32.lib shell32.lib ole32.lib oleaut32.lib uuid.lib odbc32.lib odbccp32.lib /MANIFEST /MANIFESTUAC:"level='asInvoker' uiAccess='false'" /manifest:embed /Debug /PDB:"C:\Users\Stuart\Documents\Visual Studio 2015\Projects\Interpreter\Debug\Interperer.pdb" /SUBSYSTEM:CONSOLE /TLBID:1 /DYNAMICBASE /NXCOMPAT /IMPLIB:"C:\Users\Stuart\Documents\Visual Studio 2015\Projects\Interpreter\Debug\Interperer.lib" /MACHINE:X86 Debug\Interpreter.obj
         Debug\Expression.obj
         Debug\Function.obj
         Debug\Parser.obj
         Debug\Statement.obj
         Debug\TokenStream.obj
         Debug\Scope.obj
         Debug\stdafx.obj
         Debug\Utils.obj
         Debug\Value.obj
         Debug\VariableMap.obj
         Interpreter.vcxproj -> C:\Users\Stuart\Documents\Visual Studio 2015\Projects\Interpreter\Debug\Interperer.exe
     1>Done Building Project "C:\Users\Stuart\Documents\Visual Studio 2015\Projects\Interpreter\Interpreter\Interpreter.vcxproj" (Build target(s)).

Build succeeded.

Time Elapsed 00:00:02.00
